Determining if the pthread_create exist failed with the following output:
Change Dir: /home/pangyemeng/msgpack-c/CMakeFiles/CMakeTmp

Run Build Command:"/usr/bin/make" "cmTC_4c4ff/fast"
/usr/bin/make -f CMakeFiles/cmTC_4c4ff.dir/build.make CMakeFiles/cmTC_4c4ff.dir/build
make[1]: Entering directory '/home/pangyemeng/msgpack-c/CMakeFiles/CMakeTmp'
Building C object CMakeFiles/cmTC_4c4ff.dir/CheckSymbolExists.c.o
/usr/bin/cc     -o CMakeFiles/cmTC_4c4ff.dir/CheckSymbolExists.c.o   -c /home/pangyemeng/msgpack-c/CMakeFiles/CMakeTmp/CheckSymbolExists.c
Linking C executable cmTC_4c4ff
/usr/bin/cmake -E cmake_link_script CMakeFiles/cmTC_4c4ff.dir/link.txt --verbose=1
/usr/bin/cc       CMakeFiles/cmTC_4c4ff.dir/CheckSymbolExists.c.o  -o cmTC_4c4ff -rdynamic 
CMakeFiles/cmTC_4c4ff.dir/CheckSymbolExists.c.o: In function `main':
CheckSymbolExists.c:(.text+0x16): undefined reference to `pthread_create'
collect2: error: ld returned 1 exit status
CMakeFiles/cmTC_4c4ff.dir/build.make:97: recipe for target 'cmTC_4c4ff' failed
make[1]: *** [cmTC_4c4ff] Error 1
make[1]: Leaving directory '/home/pangyemeng/msgpack-c/CMakeFiles/CMakeTmp'
Makefile:126: recipe for target 'cmTC_4c4ff/fast' failed
make: *** [cmTC_4c4ff/fast] Error 2

File /home/pangyemeng/msgpack-c/CMakeFiles/CMakeTmp/CheckSymbolExists.c:
/* */
#include <pthread.h>

int main(int argc, char** argv)
{
  (void)argv;
#ifndef pthread_create
  return ((int*)(&pthread_create))[argc];
#else
  (void)argc;
  return 0;
#endif
}

Determining if the function pthread_create exists in the pthreads failed with the following output:
Change Dir: /home/pangyemeng/msgpack-c/CMakeFiles/CMakeTmp

Run Build Command:"/usr/bin/make" "cmTC_7f740/fast"
/usr/bin/make -f CMakeFiles/cmTC_7f740.dir/build.make CMakeFiles/cmTC_7f740.dir/build
make[1]: Entering directory '/home/pangyemeng/msgpack-c/CMakeFiles/CMakeTmp'
Building C object CMakeFiles/cmTC_7f740.dir/CheckFunctionExists.c.o
/usr/bin/cc    -DCHECK_FUNCTION_EXISTS=pthread_create   -o CMakeFiles/cmTC_7f740.dir/CheckFunctionExists.c.o   -c /usr/share/cmake-3.5/Modules/CheckFunctionExists.c
Linking C executable cmTC_7f740
/usr/bin/cmake -E cmake_link_script CMakeFiles/cmTC_7f740.dir/link.txt --verbose=1
/usr/bin/cc   -DCHECK_FUNCTION_EXISTS=pthread_create    CMakeFiles/cmTC_7f740.dir/CheckFunctionExists.c.o  -o cmTC_7f740 -rdynamic -lpthreads 
/usr/bin/ld: cannot find -lpthreads
collect2: error: ld returned 1 exit status
CMakeFiles/cmTC_7f740.dir/build.make:97: recipe for target 'cmTC_7f740' failed
make[1]: *** [cmTC_7f740] Error 1
make[1]: Leaving directory '/home/pangyemeng/msgpack-c/CMakeFiles/CMakeTmp'
Makefile:126: recipe for target 'cmTC_7f740/fast' failed
make: *** [cmTC_7f740/fast] Error 2


Performing C++ SOURCE FILE Test MSGPACK_ENABLE_GCC_CXX_ATOMIC failed with the following output:
Change Dir: /home/pangyemeng/msgpack-c/CMakeFiles/CMakeTmp

Run Build Command:"/usr/bin/make" "cmTC_d7332/fast"
/usr/bin/make -f CMakeFiles/cmTC_d7332.dir/build.make CMakeFiles/cmTC_d7332.dir/build
make[1]: Entering directory '/home/pangyemeng/msgpack-c/CMakeFiles/CMakeTmp'
Building CXX object CMakeFiles/cmTC_d7332.dir/src.cxx.o
/usr/bin/c++     -DMSGPACK_DEFAULT_API_VERSION=2 -std=c++11  -DMSGPACK_ENABLE_GCC_CXX_ATOMIC   -o CMakeFiles/cmTC_d7332.dir/src.cxx.o -c /home/pangyemeng/msgpack-c/CMakeFiles/CMakeTmp/src.cxx
/home/pangyemeng/msgpack-c/CMakeFiles/CMakeTmp/src.cxx:2:28: fatal error: bits/atomicity.h: No such file or directory
compilation terminated.
CMakeFiles/cmTC_d7332.dir/build.make:65: recipe for target 'CMakeFiles/cmTC_d7332.dir/src.cxx.o' failed
make[1]: *** [CMakeFiles/cmTC_d7332.dir/src.cxx.o] Error 1
make[1]: Leaving directory '/home/pangyemeng/msgpack-c/CMakeFiles/CMakeTmp'
Makefile:126: recipe for target 'cmTC_d7332/fast' failed
make: *** [cmTC_d7332/fast] Error 2

Source file was:

#include <bits/atomicity.h>
int atomic_sub(int i) { return __gnu_cxx::__exchange_and_add(&i, -1) - 1; }
int atomic_add(int i) { return __gnu_cxx::__exchange_and_add(&i, 1) + 1; }
int main(int argc, char * argv[])
{
    atomic_sub(1);
    atomic_add(1);
}

